# JRE version: Java(TM) SE Runtime Environment (8.0_241-b07) (build 1.8.0_241-b07)
# Java VM: Java HotSpot(TM) 64-Bit Server VM (25.241-b07 mixed mode windows-amd64 compressed oops)
Heap:
 PSYoungGen      total 543744K, used 271385K [0x000000076ab00000, 0x000000079ba00000, 0x00000007c0000000)
  eden space 515072K, 52% used [0x000000076ab00000,0x000000077b406660,0x000000078a200000)
  from space 28672K, 0% used [0x000000078a200000,0x000000078a200000,0x000000078be00000)
  to   space 28672K, 0% used [0x0000000799e00000,0x0000000799e00000,0x000000079ba00000)
 ParOldGen       total 161280K, used 35651K [0x00000006c0000000, 0x00000006c9d80000, 0x000000076ab00000)
  object space 161280K, 22% used [0x00000006c0000000,0x00000006c22d0c90,0x00000006c9d80000)
 Metaspace       used 37401K, capacity 38750K, committed 38824K, reserved 1083392K
  class space    used 4348K, capacity 4709K, committed 4776K, reserved 1048576K
GC Heap History (10 events):
Event: 11.305 GC heap before
{Heap before GC invocations=9 (full 1):
 PSYoungGen      total 231424K, used 229596K [0x000000076ab00000, 0x0000000782e00000, 0x00000007c0000000)
  eden space 211456K, 100% used [0x000000076ab00000,0x0000000777980000,0x0000000777980000)
  from space 19968K, 90% used [0x0000000777980000,0x0000000778b37270,0x0000000778d00000)
  to   space 21504K, 0% used [0x0000000781900000,0x0000000781900000,0x0000000782e00000)
 ParOldGen       total 102912K, used 20014K [0x00000006c0000000, 0x00000006c6480000, 0x000000076ab00000)
  object space 102912K, 19% used [0x00000006c0000000,0x00000006c138b9c0,0x00000006c6480000)
 Metaspace       used 29568K, capacity 30722K, committed 30976K, reserved 1077248K
  class space    used 3464K, capacity 3746K, committed 3840K, reserved 1048576K
Event: 11.335 GC heap after
Heap after GC invocations=9 (full 1):
 PSYoungGen      total 372224K, used 21496K [0x000000076ab00000, 0x0000000784180000, 0x00000007c0000000)
  eden space 350720K, 0% used [0x000000076ab00000,0x000000076ab00000,0x0000000780180000)
  from space 21504K, 99% used [0x0000000781900000,0x0000000782dfe128,0x0000000782e00000)
  to   space 24064K, 0% used [0x0000000780180000,0x0000000780180000,0x0000000781900000)
 ParOldGen       total 102912K, used 20102K [0x00000006c0000000, 0x00000006c6480000, 0x000000076ab00000)
  object space 102912K, 19% used [0x00000006c0000000,0x00000006c13a19c0,0x00000006c6480000)
 Metaspace       used 29568K, capacity 30722K, committed 30976K, reserved 1077248K
  class space    used 3464K, capacity 3746K, committed 3840K, reserved 1048576K
}
Event: 11.808 GC heap before
{Heap before GC invocations=10 (full 1):
 PSYoungGen      total 372224K, used 372216K [0x000000076ab00000, 0x0000000784180000, 0x00000007c0000000)
  eden space 350720K, 100% used [0x000000076ab00000,0x0000000780180000,0x0000000780180000)
  from space 21504K, 99% used [0x0000000781900000,0x0000000782dfe128,0x0000000782e00000)
  to   space 24064K, 0% used [0x0000000780180000,0x0000000780180000,0x0000000781900000)
 ParOldGen       total 102912K, used 20102K [0x00000006c0000000, 0x00000006c6480000, 0x000000076ab00000)
  object space 102912K, 19% used [0x00000006c0000000,0x00000006c13a19c0,0x00000006c6480000)
 Metaspace       used 29654K, capacity 30874K, committed 30976K, reserved 1077248K
  class space    used 3467K, capacity 3750K, committed 3840K, reserved 1048576K
Event: 11.891 GC heap after
Heap after GC invocations=10 (full 1):
 PSYoungGen      total 374784K, used 13888K [0x000000076ab00000, 0x000000078d600000, 0x00000007c0000000)
  eden space 350720K, 0% used [0x000000076ab00000,0x000000076ab00000,0x0000000780180000)
  from space 24064K, 57% used [0x0000000780180000,0x0000000780f10120,0x0000000781900000)
  to   space 23040K, 0% used [0x000000078bf80000,0x000000078bf80000,0x000000078d600000)
 ParOldGen       total 102912K, used 35221K [0x00000006c0000000, 0x00000006c6480000, 0x000000076ab00000)
  object space 102912K, 34% used [0x00000006c0000000,0x00000006c2265730,0x00000006c6480000)
 Metaspace       used 29654K, capacity 30874K, committed 30976K, reserved 1077248K
  class space    used 3467K, capacity 3750K, committed 3840K, reserved 1048576K
}
Event: 15.776 GC heap before
{Heap before GC invocations=11 (full 1):
 PSYoungGen      total 374784K, used 364608K [0x000000076ab00000, 0x000000078d600000, 0x00000007c0000000)
  eden space 350720K, 100% used [0x000000076ab00000,0x0000000780180000,0x0000000780180000)
  from space 24064K, 57% used [0x0000000780180000,0x0000000780f10120,0x0000000781900000)
  to   space 23040K, 0% used [0x000000078bf80000,0x000000078bf80000,0x000000078d600000)
 ParOldGen       total 102912K, used 35221K [0x00000006c0000000, 0x00000006c6480000, 0x000000076ab00000)
  object space 102912K, 34% used [0x00000006c0000000,0x00000006c2265730,0x00000006c6480000)
 Metaspace       used 31457K, capacity 32636K, committed 32896K, reserved 1079296K
  class space    used 3611K, capacity 3912K, committed 3968K, reserved 1048576K
Event: 15.841 GC heap after
Heap after GC invocations=11 (full 1):
 PSYoungGen      total 538112K, used 23014K [0x000000076ab00000, 0x000000078da00000, 0x00000007c0000000)
  eden space 515072K, 0% used [0x000000076ab00000,0x000000076ab00000,0x000000078a200000)
  from space 23040K, 99% used [0x000000078bf80000,0x000000078d5f9828,0x000000078d600000)
  to   space 28672K, 0% used [0x000000078a200000,0x000000078a200000,0x000000078be00000)
 ParOldGen       total 102912K, used 43734K [0x00000006c0000000, 0x00000006c6480000, 0x000000076ab00000)
  object space 102912K, 42% used [0x00000006c0000000,0x00000006c2ab5988,0x00000006c6480000)
 Metaspace       used 31457K, capacity 32636K, committed 32896K, reserved 1079296K
  class space    used 3611K, capacity 3912K, committed 3968K, reserved 1048576K
}
Event: 20.149 GC heap before
{Heap before GC invocations=12 (full 1):
 PSYoungGen      total 538112K, used 236830K [0x000000076ab00000, 0x000000078da00000, 0x00000007c0000000)
  eden space 515072K, 41% used [0x000000076ab00000,0x0000000777bce148,0x000000078a200000)
  from space 23040K, 99% used [0x000000078bf80000,0x000000078d5f9828,0x000000078d600000)
  to   space 28672K, 0% used [0x000000078a200000,0x000000078a200000,0x000000078be00000)
 ParOldGen       total 102912K, used 43734K [0x00000006c0000000, 0x00000006c6480000, 0x000000076ab00000)
  object space 102912K, 42% used [0x00000006c0000000,0x00000006c2ab5988,0x00000006c6480000)
 Metaspace       used 34048K, capacity 35416K, committed 35496K, reserved 1081344K
  class space    used 3879K, capacity 4256K, committed 4264K, reserved 1048576K
Event: 20.208 GC heap after
Heap after GC invocations=12 (full 1):
 PSYoungGen      total 543744K, used 10195K [0x000000076ab00000, 0x000000079ba00000, 0x00000007c0000000)
  eden space 515072K, 0% used [0x000000076ab00000,0x000000076ab00000,0x000000078a200000)
  from space 28672K, 35% used [0x000000078a200000,0x000000078abf4f38,0x000000078be00000)
  to   space 28672K, 0% used [0x0000000799e00000,0x0000000799e00000,0x000000079ba00000)
 ParOldGen       total 102912K, used 66738K [0x00000006c0000000, 0x00000006c6480000, 0x000000076ab00000)
  object space 102912K, 64% used [0x00000006c0000000,0x00000006c412cb98,0x00000006c6480000)
 Metaspace       used 34048K, capacity 35416K, committed 35496K, reserved 1081344K
  class space    used 3879K, capacity 4256K, committed 4264K, reserved 1048576K
}
Event: 20.208 GC heap before
{Heap before GC invocations=13 (full 2):
 PSYoungGen      total 543744K, used 10195K [0x000000076ab00000, 0x000000079ba00000, 0x00000007c0000000)
  eden space 515072K, 0% used [0x000000076ab00000,0x000000076ab00000,0x000000078a200000)
  from space 28672K, 35% used [0x000000078a200000,0x000000078abf4f38,0x000000078be00000)
  to   space 28672K, 0% used [0x0000000799e00000,0x0000000799e00000,0x000000079ba00000)
 ParOldGen       total 102912K, used 66738K [0x00000006c0000000, 0x00000006c6480000, 0x000000076ab00000)
  object space 102912K, 64% used [0x00000006c0000000,0x00000006c412cb98,0x00000006c6480000)
 Metaspace       used 34048K, capacity 35416K, committed 35496K, reserved 1081344K
  class space    used 3879K, capacity 4256K, committed 4264K, reserved 1048576K
Event: 20.334 GC heap after
Heap after GC invocations=13 (full 2):
 PSYoungGen      total 543744K, used 0K [0x000000076ab00000, 0x000000079ba00000, 0x00000007c0000000)
  eden space 515072K, 0% used [0x000000076ab00000,0x000000076ab00000,0x000000078a200000)
  from space 28672K, 0% used [0x000000078a200000,0x000000078a200000,0x000000078be00000)
  to   space 28672K, 0% used [0x0000000799e00000,0x0000000799e00000,0x000000079ba00000)
 ParOldGen       total 161280K, used 35651K [0x00000006c0000000, 0x00000006c9d80000, 0x000000076ab00000)
  object space 161280K, 22% used [0x00000006c0000000,0x00000006c22d0c90,0x00000006c9d80000)
 Metaspace       used 30899K, capacity 32092K, committed 35496K, reserved 1081344K
  class space    used 3512K, capacity 3836K, committed 4264K, reserved 1048576K
}

